This file contains any messages produced by compilers while
running configure, to aid debugging if configure makes a mistake.

It was created by configure, which was
generated by GNU Autoconf 2.60a.  Invocation command line was

  $ /home/raskolnikov/devel/sdljump/configure --no-create --no-recursion

## --------- ##
## Platform. ##
## --------- ##

hostname = nexus
uname -m = i686
uname -r = 2.6.17-1-686
uname -s = Linux
uname -v = #1 SMP Sat Jul 29 15:32:47 UTC 2006

/usr/bin/uname -p = unknown
/bin/uname -X     = unknown

/bin/arch              = i686
/usr/bin/arch -k       = unknown
/usr/convex/getsysinfo = unknown
/usr/bin/hostinfo      = unknown
/bin/machine           = unknown
/usr/bin/oslevel       = unknown
/bin/universe          = unknown

PATH: /usr/local/bin
PATH: /usr/bin
PATH: /bin
PATH: /usr/bin/X11
PATH: /usr/games


## ----------- ##
## Core tests. ##
## ----------- ##

configure:1966: checking build system type
configure:1984: result: i686-pc-linux-gnu
configure:2006: checking host system type
configure:2021: result: i686-pc-linux-gnu
configure:2043: checking target system type
configure:2058: result: i686-pc-linux-gnu
configure:2103: checking for a BSD-compatible install
configure:2159: result: /usr/bin/install -c
configure:2170: checking whether build environment is sane
configure:2213: result: yes
configure:2278: checking for gawk
configure:2308: result: no
configure:2278: checking for mawk
configure:2294: found /usr/bin/mawk
configure:2305: result: mawk
configure:2316: checking whether make sets $(MAKE)
configure:2337: result: yes
configure:2535: checking for style of include used by make
configure:2563: result: GNU
configure:2636: checking for gcc
configure:2652: found /usr/bin/gcc
configure:2663: result: gcc
configure:2901: checking for C compiler version
configure:2908: gcc --version >&5
gcc (GCC) 4.1.2 20060901 (prerelease) (Debian 4.1.1-13)
Copyright (C) 2006 Free Software Foundation, Inc.
This is free software; see the source for copying conditions.  There is NO
warranty; not even for MERCHANTABILITY or FITNESS FOR A PARTICULAR PURPOSE.

configure:2911: $? = 0
configure:2918: gcc -v >&5
Using built-in specs.
Target: i486-linux-gnu
Configured with: ../src/configure -v --enable-languages=c,c++,fortran,objc,obj-c++,treelang --prefix=/usr --enable-shared --with-system-zlib --libexecdir=/usr/lib --without-included-gettext --enable-threads=posix --enable-nls --program-suffix=-4.1 --enable-__cxa_atexit --enable-clocale=gnu --enable-libstdcxx-debug --enable-mpfr --with-tune=i686 --enable-checking=release i486-linux-gnu
Thread model: posix
gcc version 4.1.2 20060901 (prerelease) (Debian 4.1.1-13)
configure:2921: $? = 0
configure:2928: gcc -V >&5
gcc: '-V' option must have argument
configure:2931: $? = 1
configure:2954: checking for C compiler default output file name
configure:2981: gcc    conftest.c  >&5
configure:2984: $? = 0
configure:3022: result: a.out
configure:3039: checking whether the C compiler works
configure:3049: ./a.out
configure:3052: $? = 0
configure:3069: result: yes
configure:3076: checking whether we are cross compiling
configure:3078: result: no
configure:3081: checking for suffix of executables
configure:3088: gcc -o conftest    conftest.c  >&5
configure:3091: $? = 0
configure:3115: result: 
configure:3121: checking for suffix of object files
configure:3147: gcc -c   conftest.c >&5
configure:3150: $? = 0
configure:3173: result: o
configure:3177: checking whether we are using the GNU C compiler
configure:3206: gcc -c   conftest.c >&5
configure:3212: $? = 0
configure:3219: test -z "$ac_c_werror_flag" || test ! -s conftest.err
configure:3222: $? = 0
configure:3229: test -s conftest.o
configure:3232: $? = 0
configure:3246: result: yes
configure:3251: checking whether gcc accepts -g
configure:3281: gcc -c -g  conftest.c >&5
configure:3287: $? = 0
configure:3294: test -z "$ac_c_werror_flag" || test ! -s conftest.err
configure:3297: $? = 0
configure:3304: test -s conftest.o
configure:3307: $? = 0
configure:3437: result: yes
configure:3454: checking for gcc option to accept ISO C89
configure:3528: gcc  -c -g -O2  conftest.c >&5
configure:3534: $? = 0
configure:3541: test -z "$ac_c_werror_flag" || test ! -s conftest.err
configure:3544: $? = 0
configure:3551: test -s conftest.o
configure:3554: $? = 0
configure:3574: result: none needed
configure:3594: checking dependency style of gcc
configure:3684: result: gcc3
configure:3744: checking for sdl-config
configure:3762: found /usr/bin/sdl-config
configure:3775: result: /usr/bin/sdl-config
configure:3784: checking for SDL - version >= 1.2.0
configure:3881: gcc -o conftest -g -O2 -I/usr/include/SDL -D_GNU_SOURCE=1 -D_REENTRANT   conftest.c  -L/usr/lib -lSDL >&5
configure:3884: $? = 0
configure:3890: ./conftest
configure:3893: $? = 0
configure:3914: result: yes
configure:4035: checking how to run the C preprocessor
configure:4075: gcc -E  conftest.c
configure:4081: $? = 0
configure:4119: gcc -E  conftest.c
conftest.c:10:28: error: ac_nonexistent.h: No such file or directory
configure:4125: $? = 1
configure: failed program was:
| /* confdefs.h.  */
| #define PACKAGE_NAME ""
| #define PACKAGE_TARNAME ""
| #define PACKAGE_VERSION ""
| #define PACKAGE_STRING ""
| #define PACKAGE_BUGREPORT ""
| #define PACKAGE "sdljump"
| #define VERSION "1.0.0"
| /* end confdefs.h.  */
| #include <ac_nonexistent.h>
configure:4165: result: gcc -E
configure:4194: gcc -E  conftest.c
configure:4200: $? = 0
configure:4238: gcc -E  conftest.c
conftest.c:10:28: error: ac_nonexistent.h: No such file or directory
configure:4244: $? = 1
configure: failed program was:
| /* confdefs.h.  */
| #define PACKAGE_NAME ""
| #define PACKAGE_TARNAME ""
| #define PACKAGE_VERSION ""
| #define PACKAGE_STRING ""
| #define PACKAGE_BUGREPORT ""
| #define PACKAGE "sdljump"
| #define VERSION "1.0.0"
| /* end confdefs.h.  */
| #include <ac_nonexistent.h>
configure:4289: checking for X
configure:4466: gcc -o conftest -g -O2 -I/usr/include/SDL -D_GNU_SOURCE=1 -D_REENTRANT -Wall   conftest.c -lX11  -L/usr/lib -lSDL >&5
configure:4472: $? = 0
configure:4479: test -z "$ac_c_werror_flag" || test ! -s conftest.err
configure:4482: $? = 0
configure:4489: test -s conftest
configure:4492: $? = 0
configure:4547: result: libraries , headers 
configure:4759: checking for the pthreads library -lpthreads
configure:4802: gcc -o conftest -g -O2 -I/usr/include/SDL -D_GNU_SOURCE=1 -D_REENTRANT -Wall    conftest.c -lpthreads  -L/usr/lib -lSDL >&5
conftest.c: In function 'main':
conftest.c:14: warning: 'th' is used uninitialized in this function
/usr/bin/ld: cannot find -lpthreads
collect2: ld returned 1 exit status
configure:4808: $? = 1
configure: failed program was:
| /* confdefs.h.  */
| #define PACKAGE_NAME ""
| #define PACKAGE_TARNAME ""
| #define PACKAGE_VERSION ""
| #define PACKAGE_STRING ""
| #define PACKAGE_BUGREPORT ""
| #define PACKAGE "sdljump"
| #define VERSION "1.0.0"
| /* end confdefs.h.  */
| #include <pthread.h>
| int
| main ()
| {
| pthread_t th; pthread_join(th, 0);
|                      pthread_attr_init(0); pthread_cleanup_push(0, 0);
|                      pthread_create(0,0,0,0); pthread_cleanup_pop(0);
|   ;
|   return 0;
| }
configure:4844: result: no
configure:4704: checking whether pthreads work without any flags
configure:4802: gcc -o conftest -g -O2 -I/usr/include/SDL -D_GNU_SOURCE=1 -D_REENTRANT -Wall    conftest.c   -L/usr/lib -lSDL >&5
conftest.c: In function 'main':
conftest.c:14: warning: 'th' is used uninitialized in this function
configure:4808: $? = 0
configure:4815: test -z "$ac_c_werror_flag" || test ! -s conftest.err
configure:4818: $? = 0
configure:4825: test -s conftest
configure:4828: $? = 0
configure:4844: result: yes
configure:4863: checking for joinable pthread attribute
configure:4888: gcc -o conftest -g -O2 -I/usr/include/SDL -D_GNU_SOURCE=1 -D_REENTRANT -Wall    conftest.c   -L/usr/lib -lSDL >&5
configure:4894: $? = 0
configure:4901: test -z "$ac_c_werror_flag" || test ! -s conftest.err
configure:4904: $? = 0
configure:4911: test -s conftest
configure:4914: $? = 0
configure:4927: result: PTHREAD_CREATE_JOINABLE
configure:4937: checking if more special flags are required for pthreads
configure:4944: result: no
configure:5028: checking for grep that handles long lines and -e
configure:5102: result: /bin/grep
configure:5107: checking for egrep
configure:5185: result: /bin/grep -E
configure:5190: checking for ANSI C header files
configure:5220: gcc -c -g -O2 -I/usr/include/SDL -D_GNU_SOURCE=1 -D_REENTRANT -Wall  conftest.c >&5
configure:5226: $? = 0
configure:5233: test -z "$ac_c_werror_flag" || test ! -s conftest.err
configure:5236: $? = 0
configure:5243: test -s conftest.o
configure:5246: $? = 0
configure:5342: gcc -o conftest -g -O2 -I/usr/include/SDL -D_GNU_SOURCE=1 -D_REENTRANT -Wall   conftest.c  -L/usr/lib -lSDL >&5
configure:5345: $? = 0
configure:5351: ./conftest
configure:5354: $? = 0
configure:5371: result: yes
configure:5395: checking for sys/types.h
configure:5416: gcc -c -g -O2 -I/usr/include/SDL -D_GNU_SOURCE=1 -D_REENTRANT -Wall  conftest.c >&5
configure:5422: $? = 0
configure:5429: test -z "$ac_c_werror_flag" || test ! -s conftest.err
configure:5432: $? = 0
configure:5439: test -s conftest.o
configure:5442: $? = 0
configure:5455: result: yes
configure:5395: checking for sys/stat.h
configure:5416: gcc -c -g -O2 -I/usr/include/SDL -D_GNU_SOURCE=1 -D_REENTRANT -Wall  conftest.c >&5
configure:5422: $? = 0
configure:5429: test -z "$ac_c_werror_flag" || test ! -s conftest.err
configure:5432: $? = 0
configure:5439: test -s conftest.o
configure:5442: $? = 0
configure:5455: result: yes
configure:5395: checking for stdlib.h
configure:5416: gcc -c -g -O2 -I/usr/include/SDL -D_GNU_SOURCE=1 -D_REENTRANT -Wall  conftest.c >&5
configure:5422: $? = 0
configure:5429: test -z "$ac_c_werror_flag" || test ! -s conftest.err
configure:5432: $? = 0
configure:5439: test -s conftest.o
configure:5442: $? = 0
configure:5455: result: yes
configure:5395: checking for string.h
configure:5416: gcc -c -g -O2 -I/usr/include/SDL -D_GNU_SOURCE=1 -D_REENTRANT -Wall  conftest.c >&5
configure:5422: $? = 0
configure:5429: test -z "$ac_c_werror_flag" || test ! -s conftest.err
configure:5432: $? = 0
configure:5439: test -s conftest.o
configure:5442: $? = 0
configure:5455: result: yes
configure:5395: checking for memory.h
configure:5416: gcc -c -g -O2 -I/usr/include/SDL -D_GNU_SOURCE=1 -D_REENTRANT -Wall  conftest.c >&5
configure:5422: $? = 0
configure:5429: test -z "$ac_c_werror_flag" || test ! -s conftest.err
configure:5432: $? = 0
configure:5439: test -s conftest.o
configure:5442: $? = 0
configure:5455: result: yes
configure:5395: checking for strings.h
configure:5416: gcc -c -g -O2 -I/usr/include/SDL -D_GNU_SOURCE=1 -D_REENTRANT -Wall  conftest.c >&5
configure:5422: $? = 0
configure:5429: test -z "$ac_c_werror_flag" || test ! -s conftest.err
configure:5432: $? = 0
configure:5439: test -s conftest.o
configure:5442: $? = 0
configure:5455: result: yes
configure:5395: checking for inttypes.h
configure:5416: gcc -c -g -O2 -I/usr/include/SDL -D_GNU_SOURCE=1 -D_REENTRANT -Wall  conftest.c >&5
configure:5422: $? = 0
configure:5429: test -z "$ac_c_werror_flag" || test ! -s conftest.err
configure:5432: $? = 0
configure:5439: test -s conftest.o
configure:5442: $? = 0
configure:5455: result: yes
configure:5395: checking for stdint.h
configure:5416: gcc -c -g -O2 -I/usr/include/SDL -D_GNU_SOURCE=1 -D_REENTRANT -Wall  conftest.c >&5
configure:5422: $? = 0
configure:5429: test -z "$ac_c_werror_flag" || test ! -s conftest.err
configure:5432: $? = 0
configure:5439: test -s conftest.o
configure:5442: $? = 0
configure:5455: result: yes
configure:5395: checking for unistd.h
configure:5416: gcc -c -g -O2 -I/usr/include/SDL -D_GNU_SOURCE=1 -D_REENTRANT -Wall  conftest.c >&5
configure:5422: $? = 0
configure:5429: test -z "$ac_c_werror_flag" || test ! -s conftest.err
configure:5432: $? = 0
configure:5439: test -s conftest.o
configure:5442: $? = 0
configure:5455: result: yes
configure:5528: checking windows.h usability
configure:5545: gcc -c -g -O2 -I/usr/include/SDL -D_GNU_SOURCE=1 -D_REENTRANT -Wall  conftest.c >&5
conftest.c:54:21: error: windows.h: No such file or directory
configure:5551: $? = 1
configure: failed program was:
| /* confdefs.h.  */
| #define PACKAGE_NAME ""
| #define PACKAGE_TARNAME ""
| #define PACKAGE_VERSION ""
| #define PACKAGE_STRING ""
| #define PACKAGE_BUGREPORT ""
| #define PACKAGE "sdljump"
| #define VERSION "1.0.0"
| #define HAVE_PTHREAD 1
| #define STDC_HEADERS 1
| #define HAVE_SYS_TYPES_H 1
| #define HAVE_SYS_STAT_H 1
| #define HAVE_STDLIB_H 1
| #define HAVE_STRING_H 1
| #define HAVE_MEMORY_H 1
| #define HAVE_STRINGS_H 1
| #define HAVE_INTTYPES_H 1
| #define HAVE_STDINT_H 1
| #define HAVE_UNISTD_H 1
| /* end confdefs.h.  */
| #include <stdio.h>
| #ifdef HAVE_SYS_TYPES_H
| # include <sys/types.h>
| #endif
| #ifdef HAVE_SYS_STAT_H
| # include <sys/stat.h>
| #endif
| #ifdef STDC_HEADERS
| # include <stdlib.h>
| # include <stddef.h>
| #else
| # ifdef HAVE_STDLIB_H
| #  include <stdlib.h>
| # endif
| #endif
| #ifdef HAVE_STRING_H
| # if !defined STDC_HEADERS && defined HAVE_MEMORY_H
| #  include <memory.h>
| # endif
| # include <string.h>
| #endif
| #ifdef HAVE_STRINGS_H
| # include <strings.h>
| #endif
| #ifdef HAVE_INTTYPES_H
| # include <inttypes.h>
| #endif
| #ifdef HAVE_STDINT_H
| # include <stdint.h>
| #endif
| #ifdef HAVE_UNISTD_H
| # include <unistd.h>
| #endif
| #include <windows.h>
configure:5582: result: no
configure:5586: checking windows.h presence
configure:5601: gcc -E  conftest.c
conftest.c:21:21: error: windows.h: No such file or directory
configure:5607: $? = 1
configure: failed program was:
| /* confdefs.h.  */
| #define PACKAGE_NAME ""
| #define PACKAGE_TARNAME ""
| #define PACKAGE_VERSION ""
| #define PACKAGE_STRING ""
| #define PACKAGE_BUGREPORT ""
| #define PACKAGE "sdljump"
| #define VERSION "1.0.0"
| #define HAVE_PTHREAD 1
| #define STDC_HEADERS 1
| #define HAVE_SYS_TYPES_H 1
| #define HAVE_SYS_STAT_H 1
| #define HAVE_STDLIB_H 1
| #define HAVE_STRING_H 1
| #define HAVE_MEMORY_H 1
| #define HAVE_STRINGS_H 1
| #define HAVE_INTTYPES_H 1
| #define HAVE_STDINT_H 1
| #define HAVE_UNISTD_H 1
| /* end confdefs.h.  */
| #include <windows.h>
configure:5628: result: no
configure:5656: checking for windows.h
configure:5664: result: no
configure:5678: checking for OpenGL library
configure:5721: gcc -o conftest -g -O2 -I/usr/include/SDL -D_GNU_SOURCE=1 -D_REENTRANT -Wall    conftest.c -lopengl32   -L/usr/lib -lSDL >&5
/usr/bin/ld: cannot find -lopengl32
collect2: ld returned 1 exit status
configure:5727: $? = 1
configure: failed program was:
| /* confdefs.h.  */
| #define PACKAGE_NAME ""
| #define PACKAGE_TARNAME ""
| #define PACKAGE_VERSION ""
| #define PACKAGE_STRING ""
| #define PACKAGE_BUGREPORT ""
| #define PACKAGE "sdljump"
| #define VERSION "1.0.0"
| #define HAVE_PTHREAD 1
| #define STDC_HEADERS 1
| #define HAVE_SYS_TYPES_H 1
| #define HAVE_SYS_STAT_H 1
| #define HAVE_STDLIB_H 1
| #define HAVE_STRING_H 1
| #define HAVE_MEMORY_H 1
| #define HAVE_STRINGS_H 1
| #define HAVE_INTTYPES_H 1
| #define HAVE_STDINT_H 1
| #define HAVE_UNISTD_H 1
| /* end confdefs.h.  */
| 
| # if HAVE_WINDOWS_H && defined(_WIN32)
| #   include <windows.h>
| # endif
| # include <GL/gl.h>
| int
| main ()
| {
| glBegin(0)
|   ;
|   return 0;
| }
configure:5721: gcc -o conftest -g -O2 -I/usr/include/SDL -D_GNU_SOURCE=1 -D_REENTRANT -Wall    conftest.c -lGL   -L/usr/lib -lSDL >&5
configure:5727: $? = 0
configure:5734: test -z "$ac_c_werror_flag" || test ! -s conftest.err
configure:5737: $? = 0
configure:5744: test -s conftest
configure:5747: $? = 0
configure:5763: result: -lGL
configure:5799: checking SDL/SDL_image.h usability
configure:5816: gcc -c -g -O2 -I/usr/include/SDL -D_GNU_SOURCE=1 -D_REENTRANT -Wall    conftest.c >&5
configure:5822: $? = 0
configure:5829: test -z "$ac_c_werror_flag" || test ! -s conftest.err
configure:5832: $? = 0
configure:5839: test -s conftest.o
configure:5842: $? = 0
configure:5853: result: yes
configure:5857: checking SDL/SDL_image.h presence
configure:5872: gcc -E  conftest.c
configure:5878: $? = 0
configure:5899: result: yes
configure:5927: checking for SDL/SDL_image.h
configure:5934: result: yes
configure:6012: checking for gcc
configure:6039: result: gcc
configure:6277: checking for C compiler version
configure:6284: gcc --version >&5
gcc (GCC) 4.1.2 20060901 (prerelease) (Debian 4.1.1-13)
Copyright (C) 2006 Free Software Foundation, Inc.
This is free software; see the source for copying conditions.  There is NO
warranty; not even for MERCHANTABILITY or FITNESS FOR A PARTICULAR PURPOSE.

configure:6287: $? = 0
configure:6294: gcc -v >&5
Using built-in specs.
Target: i486-linux-gnu
Configured with: ../src/configure -v --enable-languages=c,c++,fortran,objc,obj-c++,treelang --prefix=/usr --enable-shared --with-system-zlib --libexecdir=/usr/lib --without-included-gettext --enable-threads=posix --enable-nls --program-suffix=-4.1 --enable-__cxa_atexit --enable-clocale=gnu --enable-libstdcxx-debug --enable-mpfr --with-tune=i686 --enable-checking=release i486-linux-gnu
Thread model: posix
gcc version 4.1.2 20060901 (prerelease) (Debian 4.1.1-13)
configure:6297: $? = 0
configure:6304: gcc -V >&5
gcc: '-V' option must have argument
configure:6307: $? = 1
configure:6310: checking whether we are using the GNU C compiler
configure:6379: result: yes
configure:6384: checking whether gcc accepts -g
configure:6570: result: yes
configure:6587: checking for gcc option to accept ISO C89
configure:6707: result: none needed
configure:6727: checking dependency style of gcc
configure:6817: result: gcc3
configure:6906: checking for a sed that does not truncate output
configure:6960: result: /bin/sed
configure:6974: checking for ld used by gcc
configure:7041: result: /usr/bin/ld
configure:7050: checking if the linker (/usr/bin/ld) is GNU ld
configure:7065: result: yes
configure:7070: checking for /usr/bin/ld option to reload object files
configure:7077: result: -r
configure:7095: checking for BSD-compatible nm
configure:7144: result: /usr/bin/nm -B
configure:7148: checking whether ln -s works
configure:7152: result: yes
configure:7159: checking how to recognise dependent libraries
configure:7335: result: pass_all
configure:7594: checking dlfcn.h usability
configure:7611: gcc -c -g -O2 -I/usr/include/SDL -D_GNU_SOURCE=1 -D_REENTRANT -Wall   -DPREFIX=\"/usr/local\" -DDATA_PREFIX=\"/usr/local/share\"  conftest.c >&5
configure:7617: $? = 0
configure:7624: test -z "$ac_c_werror_flag" || test ! -s conftest.err
configure:7627: $? = 0
configure:7634: test -s conftest.o
configure:7637: $? = 0
configure:7648: result: yes
configure:7652: checking dlfcn.h presence
configure:7667: gcc -E  conftest.c
configure:7673: $? = 0
configure:7694: result: yes
configure:7722: checking for dlfcn.h
configure:7730: result: yes
configure:7801: checking for g++
configure:7817: found /usr/bin/g++
configure:7828: result: g++
configure:7859: checking for C++ compiler version
configure:7866: g++ --version >&5
g++ (GCC) 4.1.2 20060901 (prerelease) (Debian 4.1.1-13)
Copyright (C) 2006 Free Software Foundation, Inc.
This is free software; see the source for copying conditions.  There is NO
warranty; not even for MERCHANTABILITY or FITNESS FOR A PARTICULAR PURPOSE.

configure:7869: $? = 0
configure:7876: g++ -v >&5
Using built-in specs.
Target: i486-linux-gnu
Configured with: ../src/configure -v --enable-languages=c,c++,fortran,objc,obj-c++,treelang --prefix=/usr --enable-shared --with-system-zlib --libexecdir=/usr/lib --without-included-gettext --enable-threads=posix --enable-nls --program-suffix=-4.1 --enable-__cxa_atexit --enable-clocale=gnu --enable-libstdcxx-debug --enable-mpfr --with-tune=i686 --enable-checking=release i486-linux-gnu
Thread model: posix
gcc version 4.1.2 20060901 (prerelease) (Debian 4.1.1-13)
configure:7879: $? = 0
configure:7886: g++ -V >&5
g++: '-V' option must have argument
configure:7889: $? = 1
configure:7892: checking whether we are using the GNU C++ compiler
configure:7921: g++ -c   conftest.cpp >&5
configure:7927: $? = 0
configure:7934: test -z "$ac_cxx_werror_flag" || test ! -s conftest.err
configure:7937: $? = 0
configure:7944: test -s conftest.o
configure:7947: $? = 0
configure:7961: result: yes
configure:7966: checking whether g++ accepts -g
configure:7996: g++ -c -g  conftest.cpp >&5
configure:8002: $? = 0
configure:8009: test -z "$ac_cxx_werror_flag" || test ! -s conftest.err
configure:8012: $? = 0
configure:8019: test -s conftest.o
configure:8022: $? = 0
configure:8152: result: yes
configure:8177: checking dependency style of g++
configure:8267: result: gcc3
configure:8294: checking how to run the C++ preprocessor
configure:8330: g++ -E  conftest.cpp
configure:8336: $? = 0
configure:8374: g++ -E  conftest.cpp
conftest.cpp:22:28: error: ac_nonexistent.h: No such file or directory
configure:8380: $? = 1
configure: failed program was:
| /* confdefs.h.  */
| #define PACKAGE_NAME ""
| #define PACKAGE_TARNAME ""
| #define PACKAGE_VERSION ""
| #define PACKAGE_STRING ""
| #define PACKAGE_BUGREPORT ""
| #define PACKAGE "sdljump"
| #define VERSION "1.0.0"
| #define HAVE_PTHREAD 1
| #define STDC_HEADERS 1
| #define HAVE_SYS_TYPES_H 1
| #define HAVE_SYS_STAT_H 1
| #define HAVE_STDLIB_H 1
| #define HAVE_STRING_H 1
| #define HAVE_MEMORY_H 1
| #define HAVE_STRINGS_H 1
| #define HAVE_INTTYPES_H 1
| #define HAVE_STDINT_H 1
| #define HAVE_UNISTD_H 1
| #define HAVE_DLFCN_H 1
| /* end confdefs.h.  */
| #include <ac_nonexistent.h>
configure:8420: result: g++ -E
configure:8449: g++ -E  conftest.cpp
configure:8455: $? = 0
configure:8493: g++ -E  conftest.cpp
conftest.cpp:22:28: error: ac_nonexistent.h: No such file or directory
configure:8499: $? = 1
configure: failed program was:
| /* confdefs.h.  */
| #define PACKAGE_NAME ""
| #define PACKAGE_TARNAME ""
| #define PACKAGE_VERSION ""
| #define PACKAGE_STRING ""
| #define PACKAGE_BUGREPORT ""
| #define PACKAGE "sdljump"
| #define VERSION "1.0.0"
| #define HAVE_PTHREAD 1
| #define STDC_HEADERS 1
| #define HAVE_SYS_TYPES_H 1
| #define HAVE_SYS_STAT_H 1
| #define HAVE_STDLIB_H 1
| #define HAVE_STRING_H 1
| #define HAVE_MEMORY_H 1
| #define HAVE_STRINGS_H 1
| #define HAVE_INTTYPES_H 1
| #define HAVE_STDINT_H 1
| #define HAVE_UNISTD_H 1
| #define HAVE_DLFCN_H 1
| /* end confdefs.h.  */
| #include <ac_nonexistent.h>
configure:8599: checking for g77
configure:8629: result: no
configure:8599: checking for f77
configure:8629: result: no
configure:8599: checking for xlf
configure:8629: result: no
configure:8599: checking for frt
configure:8629: result: no
configure:8599: checking for pgf77
configure:8629: result: no
configure:8599: checking for cf77
configure:8629: result: no
configure:8599: checking for fort77
configure:8629: result: no
configure:8599: checking for fl32
configure:8629: result: no
configure:8599: checking for af77
configure:8629: result: no
configure:8599: checking for f90
configure:8629: result: no
configure:8599: checking for xlf90
configure:8629: result: no
configure:8599: checking for pgf90
configure:8629: result: no
configure:8599: checking for pghpf
configure:8629: result: no
configure:8599: checking for epcf90
configure:8629: result: no
configure:8599: checking for gfortran
configure:8629: result: no
configure:8599: checking for g95
configure:8629: result: no
configure:8599: checking for f95
configure:8629: result: no
configure:8599: checking for fort
configure:8629: result: no
configure:8599: checking for xlf95
configure:8629: result: no
configure:8599: checking for ifort
configure:8629: result: no
configure:8599: checking for ifc
configure:8629: result: no
configure:8599: checking for efc
configure:8629: result: no
configure:8599: checking for pgf95
configure:8629: result: no
configure:8599: checking for lf95
configure:8629: result: no
configure:8599: checking for ftn
configure:8629: result: no
configure:8656: checking for Fortran 77 compiler version
configure:8663:  --version >&5
/home/raskolnikov/devel/sdljump/configure: line 8664: --version: command not found
configure:8666: $? = 127
configure:8673:  -v >&5
/home/raskolnikov/devel/sdljump/configure: line 8674: -v: command not found
configure:8676: $? = 127
configure:8683:  -V >&5
/home/raskolnikov/devel/sdljump/configure: line 8684: -V: command not found
configure:8686: $? = 127
configure:8694: checking whether we are using the GNU Fortran 77 compiler
configure:8713:  -c  conftest.F >&5
/home/raskolnikov/devel/sdljump/configure: line 8714: -c: command not found
configure:8719: $? = 127
configure: failed program was:
|       program main
| #ifndef __GNUC__
|        choke me
| #endif
| 
|       end
configure:8753: result: no
configure:8759: checking whether  accepts -g
configure:8776:  -c -g conftest.f >&5
/home/raskolnikov/devel/sdljump/configure: line 8777: -c: command not found
configure:8782: $? = 127
configure: failed program was:
|       program main
| 
|       end
configure:8815: result: no
configure:8845: checking the maximum length of command line arguments
configure:8954: result: 32768
configure:8965: checking command to parse /usr/bin/nm -B output from gcc object
configure:9070: gcc -c -g -O2 -I/usr/include/SDL -D_GNU_SOURCE=1 -D_REENTRANT -Wall   -DPREFIX=\"/usr/local\" -DDATA_PREFIX=\"/usr/local/share\"  conftest.c >&5
configure:9073: $? = 0
configure:9077: /usr/bin/nm -B conftest.o \| sed -n -e 's/^.*[ 	]\([ABCDGIRSTW][ABCDGIRSTW]*\)[ 	][ 	]*\([_A-Za-z][_A-Za-z0-9]*\)$/\1 \2 \2/p' \> conftest.nm
configure:9080: $? = 0
configure:9132: gcc -o conftest -g -O2 -I/usr/include/SDL -D_GNU_SOURCE=1 -D_REENTRANT -Wall   -DPREFIX=\"/usr/local\" -DDATA_PREFIX=\"/usr/local/share\"   conftest.c conftstm.o >&5
configure:9135: $? = 0
configure:9173: result: ok
configure:9177: checking for objdir
configure:9192: result: .libs
configure:9284: checking for ar
configure:9300: found /usr/bin/ar
configure:9311: result: ar
configure:9380: checking for ranlib
configure:9396: found /usr/bin/ranlib
configure:9407: result: ranlib
configure:9476: checking for strip
configure:9492: found /usr/bin/strip
configure:9503: result: strip
configure:9789: checking if gcc supports -fno-rtti -fno-exceptions
configure:9807: gcc -c -g -O2 -I/usr/include/SDL -D_GNU_SOURCE=1 -D_REENTRANT -Wall   -DPREFIX=\"/usr/local\" -DDATA_PREFIX=\"/usr/local/share\"  -fno-rtti -fno-exceptions conftest.c >&5
cc1: warning: command line option "-fno-rtti" is valid for C++/ObjC++ but not for C
configure:9811: $? = 0
configure:9824: result: no
configure:9839: checking for gcc option to produce PIC
configure:10049: result: -fPIC
configure:10057: checking if gcc PIC flag -fPIC works
configure:10075: gcc -c -g -O2 -I/usr/include/SDL -D_GNU_SOURCE=1 -D_REENTRANT -Wall   -DPREFIX=\"/usr/local\" -DDATA_PREFIX=\"/usr/local/share\"  -fPIC -DPIC conftest.c >&5
configure:10079: $? = 0
configure:10092: result: yes
configure:10120: checking if gcc static flag -static works
configure:10148: result: no
configure:10158: checking if gcc supports -c -o file.o
configure:10179: gcc -c -g -O2 -I/usr/include/SDL -D_GNU_SOURCE=1 -D_REENTRANT -Wall   -DPREFIX=\"/usr/local\" -DDATA_PREFIX=\"/usr/local/share\"  -o out/conftest2.o conftest.c >&5
configure:10183: $? = 0
configure:10205: result: yes
configure:10231: checking whether the gcc linker (/usr/bin/ld) supports shared libraries
configure:11218: result: yes
configure:11239: checking whether -lc should be explicitly linked in
configure:11244: gcc -c -g -O2 -I/usr/include/SDL -D_GNU_SOURCE=1 -D_REENTRANT -Wall   -DPREFIX=\"/usr/local\" -DDATA_PREFIX=\"/usr/local/share\"  conftest.c >&5
configure:11247: $? = 0
configure:11262: gcc -shared conftest.o  -v -Wl,-soname -Wl,conftest -o conftest 2\>\&1 \| grep  -lc  \>/dev/null 2\>\&1
configure:11265: $? = 0
configure:11277: result: no
configure:11285: checking dynamic linker characteristics
configure:11861: result: GNU/Linux ld.so
configure:11870: checking how to hardcode library paths into programs
configure:11895: result: immediate
configure:11909: checking whether stripping libraries is possible
configure:11914: result: yes
configure:12827: checking if libtool supports shared libraries
configure:12829: result: yes
configure:12832: checking whether to build shared libraries
configure:12853: result: yes
configure:12856: checking whether to build static libraries
configure:12860: result: yes
configure:12952: creating libtool
configure:13540: checking for ld used by g++
configure:13607: result: /usr/bin/ld
configure:13616: checking if the linker (/usr/bin/ld) is GNU ld
configure:13631: result: yes
configure:13682: checking whether the g++ linker (/usr/bin/ld) supports shared libraries
configure:14648: result: yes
configure:14666: g++ -c   conftest.cpp >&5
configure:14669: $? = 0
configure:14788: checking for g++ option to produce PIC
configure:15062: result: -fPIC
configure:15070: checking if g++ PIC flag -fPIC works
configure:15088: g++ -c   -fPIC -DPIC conftest.cpp >&5
configure:15092: $? = 0
configure:15105: result: yes
configure:15133: checking if g++ static flag -static works
configure:15161: result: no
configure:15171: checking if g++ supports -c -o file.o
configure:15192: g++ -c   -o out/conftest2.o conftest.cpp >&5
configure:15196: $? = 0
configure:15218: result: yes
configure:15244: checking whether the g++ linker (/usr/bin/ld) supports shared libraries
configure:15272: result: yes
configure:15339: checking dynamic linker characteristics
configure:15915: result: GNU/Linux ld.so
configure:15924: checking how to hardcode library paths into programs
configure:15949: result: immediate
configure:22262: creating ./config.status

## ---------------- ##
## Cache variables. ##
## ---------------- ##

ac_cv_build=i686-pc-linux-gnu
ac_cv_c_compiler_gnu=yes
ac_cv_cxx_compiler_gnu=yes
ac_cv_env_CCC_set=
ac_cv_env_CCC_value=
ac_cv_env_CC_set=
ac_cv_env_CC_value=
ac_cv_env_CFLAGS_set=
ac_cv_env_CFLAGS_value=
ac_cv_env_CPPFLAGS_set=
ac_cv_env_CPPFLAGS_value=
ac_cv_env_CPP_set=
ac_cv_env_CPP_value=
ac_cv_env_CXXCPP_set=
ac_cv_env_CXXCPP_value=
ac_cv_env_CXXFLAGS_set=
ac_cv_env_CXXFLAGS_value=
ac_cv_env_CXX_set=
ac_cv_env_CXX_value=
ac_cv_env_F77_set=
ac_cv_env_F77_value=
ac_cv_env_FFLAGS_set=
ac_cv_env_FFLAGS_value=
ac_cv_env_LDFLAGS_set=
ac_cv_env_LDFLAGS_value=
ac_cv_env_XMKMF_set=
ac_cv_env_XMKMF_value=
ac_cv_env_build_alias_set=
ac_cv_env_build_alias_value=
ac_cv_env_host_alias_set=
ac_cv_env_host_alias_value=
ac_cv_env_target_alias_set=
ac_cv_env_target_alias_value=
ac_cv_f77_compiler_gnu=no
ac_cv_have_x='have_x=yes	ac_x_includes='\'''\''	ac_x_libraries='\'''\'''
ac_cv_header_SDL_SDL_image_h=yes
ac_cv_header_dlfcn_h=yes
ac_cv_header_inttypes_h=yes
ac_cv_header_memory_h=yes
ac_cv_header_stdc=yes
ac_cv_header_stdint_h=yes
ac_cv_header_stdlib_h=yes
ac_cv_header_string_h=yes
ac_cv_header_strings_h=yes
ac_cv_header_sys_stat_h=yes
ac_cv_header_sys_types_h=yes
ac_cv_header_unistd_h=yes
ac_cv_header_windows_h=no
ac_cv_host=i686-pc-linux-gnu
ac_cv_objext=o
ac_cv_path_EGREP='/bin/grep -E'
ac_cv_path_GREP=/bin/grep
ac_cv_path_SDL_CONFIG=/usr/bin/sdl-config
ac_cv_path_install='/usr/bin/install -c'
ac_cv_prog_AWK=mawk
ac_cv_prog_CPP='gcc -E'
ac_cv_prog_CXXCPP='g++ -E'
ac_cv_prog_ac_ct_AR=ar
ac_cv_prog_ac_ct_CC=gcc
ac_cv_prog_ac_ct_CXX=g++
ac_cv_prog_ac_ct_RANLIB=ranlib
ac_cv_prog_ac_ct_STRIP=strip
ac_cv_prog_cc_c89=
ac_cv_prog_cc_g=yes
ac_cv_prog_cxx_g=yes
ac_cv_prog_f77_g=no
ac_cv_prog_make_make_set=yes
ac_cv_target=i686-pc-linux-gnu
am_cv_CC_dependencies_compiler_type=gcc3
am_cv_CXX_dependencies_compiler_type=gcc3
ax_cv_check_gl_libgl=-lGL
lt_cv_deplibs_check_method=pass_all
lt_cv_file_magic_cmd='$MAGIC_CMD'
lt_cv_file_magic_test_file=
lt_cv_ld_reload_flag=-r
lt_cv_objdir=.libs
lt_cv_path_LD=/usr/bin/ld
lt_cv_path_LDCXX=/usr/bin/ld
lt_cv_path_NM='/usr/bin/nm -B'
lt_cv_path_SED=/bin/sed
lt_cv_prog_compiler_c_o=yes
lt_cv_prog_compiler_c_o_CXX=yes
lt_cv_prog_compiler_rtti_exceptions=no
lt_cv_prog_gnu_ld=yes
lt_cv_prog_gnu_ldcxx=yes
lt_cv_sys_global_symbol_pipe='sed -n -e '\''s/^.*[ 	]\([ABCDGIRSTW][ABCDGIRSTW]*\)[ 	][ 	]*\([_A-Za-z][_A-Za-z0-9]*\)$/\1 \2 \2/p'\'''
lt_cv_sys_global_symbol_to_c_name_address='sed -n -e '\''s/^: \([^ ]*\) $/  {\"\1\", (lt_ptr) 0},/p'\'' -e '\''s/^[BCDEGRST] \([^ ]*\) \([^ ]*\)$/  {"\2", (lt_ptr) \&\2},/p'\'''
lt_cv_sys_global_symbol_to_cdecl='sed -n -e '\''s/^. .* \(.*\)$/extern int \1;/p'\'''
lt_cv_sys_max_cmd_len=32768
lt_lt_cv_prog_compiler_c_o='"yes"'
lt_lt_cv_prog_compiler_c_o_CXX='"yes"'
lt_lt_cv_sys_global_symbol_pipe='"sed -n -e '\''s/^.*[ 	]\\([ABCDGIRSTW][ABCDGIRSTW]*\\)[ 	][ 	]*\\([_A-Za-z][_A-Za-z0-9]*\\)\$/\\1 \\2 \\2/p'\''"'
lt_lt_cv_sys_global_symbol_to_c_name_address='"sed -n -e '\''s/^: \\([^ ]*\\) \$/  {\\\"\\1\\\", (lt_ptr) 0},/p'\'' -e '\''s/^[BCDEGRST] \\([^ ]*\\) \\([^ ]*\\)\$/  {\"\\2\", (lt_ptr) \\&\\2},/p'\''"'
lt_lt_cv_sys_global_symbol_to_cdecl='"sed -n -e '\''s/^. .* \\(.*\\)\$/extern int \\1;/p'\''"'

## ----------------- ##
## Output variables. ##
## ----------------- ##

ACLOCAL='${SHELL} /home/raskolnikov/devel/sdljump/missing --run aclocal-1.9'
AMDEPBACKSLASH='\'
AMDEP_FALSE='#'
AMDEP_TRUE=''
AMTAR='${SHELL} /home/raskolnikov/devel/sdljump/missing --run tar'
AR='ar'
AUTOCONF='${SHELL} /home/raskolnikov/devel/sdljump/missing --run autoconf'
AUTOHEADER='${SHELL} /home/raskolnikov/devel/sdljump/missing --run autoheader'
AUTOMAKE='${SHELL} /home/raskolnikov/devel/sdljump/missing --run automake-1.9'
AWK='mawk'
CC='gcc'
CCDEPMODE='depmode=gcc3'
CFLAGS='-g -O2 -I/usr/include/SDL -D_GNU_SOURCE=1 -D_REENTRANT -Wall   -DPREFIX=\"/usr/local\" -DDATA_PREFIX=\"/usr/local/share\"'
CPP='gcc -E'
CPPFLAGS=''
CXX='g++'
CXXCPP='g++ -E'
CXXDEPMODE='depmode=gcc3'
CXXFLAGS=''
CYGPATH_W='echo'
DEFS='-DHAVE_CONFIG_H'
DEPDIR='.deps'
ECHO='echo'
ECHO_C=''
ECHO_N='-n'
ECHO_T=''
EGREP='/bin/grep -E'
EXEEXT=''
F77=''
FFLAGS=''
GL_CFLAGS=''
GL_LIBS='-lGL '
GREP='/bin/grep'
INSTALL_DATA='${INSTALL} -m 644'
INSTALL_PROGRAM='${INSTALL}'
INSTALL_SCRIPT='${INSTALL}'
INSTALL_STRIP_PROGRAM='${SHELL} $(install_sh) -c -s'
LDFLAGS=''
LIBOBJS=''
LIBS=' -L/usr/lib -lSDL -lGL   -lSDL_image'
LIBTOOL='$(SHELL) $(top_builddir)/libtool'
LN_S='ln -s'
LTLIBOBJS=''
MAKEINFO='${SHELL} /home/raskolnikov/devel/sdljump/missing --run makeinfo'
OBJEXT='o'
PACKAGE='sdljump'
PACKAGE_BUGREPORT=''
PACKAGE_NAME=''
PACKAGE_STRING=''
PACKAGE_TARNAME=''
PACKAGE_VERSION=''
PATH_SEPARATOR=':'
PTHREAD_CC='gcc'
PTHREAD_CFLAGS=''
PTHREAD_LIBS=''
RANLIB='ranlib'
SDL_CFLAGS='-I/usr/include/SDL -D_GNU_SOURCE=1 -D_REENTRANT'
SDL_CONFIG='/usr/bin/sdl-config'
SDL_LIBS='-L/usr/lib -lSDL'
SET_MAKE=''
SHELL='/bin/sh'
STRIP='strip'
VERSION='1.0.0'
XMKMF=''
ac_ct_CC='gcc'
ac_ct_CXX='g++'
ac_ct_F77=''
acx_pthread_config=''
am__fastdepCC_FALSE='#'
am__fastdepCC_TRUE=''
am__fastdepCXX_FALSE='#'
am__fastdepCXX_TRUE=''
am__include='include'
am__leading_dot='.'
am__quote=''
am__tar='${AMTAR} chof - "$$tardir"'
am__untar='${AMTAR} xf -'
bindir='${exec_prefix}/bin'
build='i686-pc-linux-gnu'
build_alias=''
build_cpu='i686'
build_os='linux-gnu'
build_vendor='pc'
datadir='${datarootdir}'
datarootdir='${prefix}/share'
docdir='${datarootdir}/doc/${PACKAGE}'
dvidir='${docdir}'
exec_prefix='${prefix}'
host='i686-pc-linux-gnu'
host_alias=''
host_cpu='i686'
host_os='linux-gnu'
host_vendor='pc'
htmldir='${docdir}'
includedir='${prefix}/include'
infodir='${datarootdir}/info'
install_sh='/home/raskolnikov/devel/sdljump/install-sh'
libdir='${exec_prefix}/lib'
libexecdir='${exec_prefix}/libexec'
localedir='${datarootdir}/locale'
localstatedir='${prefix}/var'
mandir='${datarootdir}/man'
mkdir_p='mkdir -p --'
oldincludedir='/usr/include'
pdfdir='${docdir}'
prefix='/usr/local'
program_transform_name='s,x,x,'
psdir='${docdir}'
sbindir='${exec_prefix}/sbin'
sharedstatedir='${prefix}/com'
sysconfdir='${prefix}/etc'
target='i686-pc-linux-gnu'
target_alias=''
target_cpu='i686'
target_os='linux-gnu'
target_vendor='pc'

## ----------- ##
## confdefs.h. ##
## ----------- ##

#define PACKAGE_NAME ""
#define PACKAGE_TARNAME ""
#define PACKAGE_VERSION ""
#define PACKAGE_STRING ""
#define PACKAGE_BUGREPORT ""
#define PACKAGE "sdljump"
#define VERSION "1.0.0"
#define HAVE_PTHREAD 1
#define STDC_HEADERS 1
#define HAVE_SYS_TYPES_H 1
#define HAVE_SYS_STAT_H 1
#define HAVE_STDLIB_H 1
#define HAVE_STRING_H 1
#define HAVE_MEMORY_H 1
#define HAVE_STRINGS_H 1
#define HAVE_INTTYPES_H 1
#define HAVE_STDINT_H 1
#define HAVE_UNISTD_H 1
#define HAVE_DLFCN_H 1

configure: exit 0

## ---------------------- ##
## Running config.status. ##
## ---------------------- ##

This file was extended by config.status, which was
generated by GNU Autoconf 2.60a.  Invocation command line was

  CONFIG_FILES    = 
  CONFIG_HEADERS  = 
  CONFIG_LINKS    = 
  CONFIG_COMMANDS = 
  $ ./config.status 

on nexus

config.status:669: creating Makefile
config.status:669: creating src/Makefile
config.status:669: creating skins/Makefile
config.status:669: creating skins/default/Makefile
config.status:669: creating skins/xjump/Makefile
config.status:669: creating skins/auri/Makefile
config.status:669: creating skins/auri/heroanim1/Makefile
config.status:669: creating skins/auri/heroanim2/Makefile
config.status:669: creating skins/auri/heroanim3/Makefile
config.status:669: creating skins/auri/heroanim4/Makefile
config.status:669: creating config.h
config.status:937: executing depfiles commands

## ---------------------- ##
## Running config.status. ##
## ---------------------- ##

This file was extended by config.status, which was
generated by GNU Autoconf 2.60a.  Invocation command line was

  CONFIG_FILES    = 
  CONFIG_HEADERS  = 
  CONFIG_LINKS    = 
  CONFIG_COMMANDS = 
  $ ./config.status config.h

on nexus

config.status:669: creating config.h
config.status:891: config.h is unchanged
